<?xml version="1.0" encoding="UTF-8"?>
<!-- Generated by org.testng.reporters.JUnitXMLReporter -->
<testsuite hostname="Chico" name="test12" tests="5" failures="0" timestamp="1 Jul 2017 08:27:43 GMT" time="0.065" errors="0">
  <testcase name="ParaTest" time="0.009" classname="test.TestNGLearn1"/>
  <testcase name="TestNgLearn3" time="0.004" classname="test.TestNGLearn1"/>
  <testcase name="TestNgLearn1" time="0.004" classname="test.TestNGLearn1"/>
  <testcase name="TestNgLearn2" time="0.004" classname="test.TestNGLearn1"/>
  <testcase name="testException" time="0.004" classname="test.ExceptionTest"/>
</testsuite> <!-- test12 -->
